[TIME]2017-08-20 15:11:14ERROR:aaaa
[TIME]2017-08-20 15:11:31ERROR:aaaa
[TIME]2017-08-20 15:11:49 ERROR: aaaa
[TIME]2017-08-20 15:18:54 ERROR: aaaa
[TIME]2017-08-20 15:19:12 ERROR: aaaa
[TIME]2017-08-20 15:19:32 ERROR: aaaa
[TIME]2017-08-20 15:20:04 ERROR: aaaa
[TIME]2017-08-20 15:22:17 ERROR: aaaa
[TIME]2017-08-20 15:23:03 ERROR: aaaa
[TIME]2017-08-20 15:23:13 ERROR: aaaa
[TIME]2017-08-20 15:44:02 ERROR: aaaaa
[TIME]2017-08-20 15:53:23 ERROR: aaaaa
[TIME]2017-08-20 15:53:47 ERROR: aaaaa
[TIME]2017-08-20 15:54:42 ERROR: aaaaa
[TIME]2017-08-20 15:54:43 ERROR: aaaaa
[TIME]2017-08-20 15:54:44 ERROR: aaaaa
[TIME]2017-08-20 15:54:44 ERROR: aaaaa
[TIME]2017-08-20 15:54:44 ERROR: aaaaa
[TIME]2017-08-20 15:55:37 ERROR: aaaaa
[TIME]2017-08-20 15:56:10 ERROR: aaaaa
[TIME]2017-08-20 15:56:19 ERROR: aaaaa
[TIME]2017-08-20 15:56:41 ERROR: aaaaa
[TIME]2017-08-20 15:58:59 ERROR: aaaaa
[TIME]2017-08-20 15:59:09 ERROR: aaaaa
[TIME]2017-08-20 15:59:17 ERROR: aaaaa
[TIME]2017-08-20 15:59:29 ERROR: aaaaa
[TIME]2017-08-20 16:02:21 ERROR: aaaaa
[TIME]2017-08-20 16:03:40 ERROR: aaaaa
[TIME]2017-08-20 16:04:19 ERROR: aaaaa
[TIME]2017-08-20 16:04:24 ERROR: aaaaa
[TIME]2017-08-20 16:04:26 ERROR: aaaaa
[TIME]2017-08-20 16:04:34 ERROR: aaaaa
[TIME]2017-08-20 16:04:40 ERROR: aaaaa
[TIME]2017-08-20 16:04:58 ERROR: aaaaa
[TIME]2017-08-20 16:05:16 ERROR: aaaaa
[TIME]2017-08-20 16:06:12 ERROR: aaaaa
[TIME]2017-08-20 16:06:46 ERROR: aaaaa
[TIME]2017-08-20 16:07:27 ERROR: aaaaa
[TIME]2017-08-20 16:07:56 ERROR: aaaaa
[TIME]2017-08-20 16:08:16 ERROR: aaaaa
[TIME]2017-08-20 16:08:27 ERROR: aaaaa
[TIME]2017-08-20 16:08:38 ERROR: aaaaa
[TIME]2017-08-20 16:08:44 ERROR: aaaaa
[TIME]2017-08-20 16:08:47 ERROR: aaaaa
[TIME]2017-08-20 16:09:18 ERROR: aaaaa
[TIME]2017-08-20 16:09:26 ERROR: aaaaa
[TIME]2017-08-20 16:09:39 ERROR: aaaaa
[TIME]2017-08-20 16:09:55 ERROR: aaaaa
[TIME]2017-08-20 16:10:02 ERROR: aaaaa
[TIME]2017-08-20 16:10:12 ERROR: aaaaa
[TIME]2017-08-20 16:10:29 ERROR: aaaaa
[TIME]2017-08-20 16:10:40 ERROR: aaaaa
[TIME]2017-08-20 16:11:10 ERROR: aaaaa
[TIME]2017-08-20 16:11:42 ERROR: aaaaa
[TIME]2017-08-20 16:11:52 ERROR: aaaaa
[TIME]2017-08-20 16:12:10 ERROR: aaaaa
[TIME]2017-08-20 16:12:29 ERROR: aaaaa
[TIME]2017-08-20 16:17:14 ERROR: aaaaa
[TIME]2017-08-20 16:31:44 ERROR: /aaa/Ping/Index/Tpl/Index/aaa.html模板文件不存在
[TIME]2017-08-20 16:32:29 ERROR: /aaa/Ping/Index/Tpl/Index/aaa.html模板文件不存在
[TIME]2017-08-20 21:22:59 ERROR: 控制器未找到
[TIME]2017-08-20 21:25:18 ERROR: 类未找到
[TIME]2017-08-20 21:26:38 ERROR: 控制器未找到
[TIME]2017-08-20 21:26:55 ERROR: 控制器未找到
[TIME]2017-08-20 21:27:40 ERROR: 控制器未找到
[TIME]2017-08-20 21:27:46 ERROR: 类未找到
[TIME]2017-08-20 21:27:52 ERROR: 类未找到
[TIME]2017-08-20 21:29:14 ERROR: 类未找到
[TIME]2017-08-20 21:30:58 ERROR: 类未找到
[TIME]2017-08-20 21:31:14 ERROR: 类未找到
[TIME]2017-08-20 21:33:53 ERROR: 控制器未找到
[TIME]2017-08-20 21:34:14 ERROR: 控制器未找到
[TIME]2017-08-20 21:34:24 ERROR: 控制器未找到
[TIME]2017-08-20 21:40:35 ERROR: 控制器未找到
[TIME]2017-08-20 22:08:14 ERROR: 类未找到
[TIME]2017-08-20 22:08:18 ERROR: 类未找到
[TIME]2017-08-20 22:08:18 ERROR: 类未找到
[TIME]2017-08-20 22:08:46 ERROR: 类未找到
[TIME]2017-08-20 22:09:30 ERROR: 类未找到
[TIME]2017-08-20 22:10:35 ERROR: 类未找到
[TIME]2017-08-20 22:16:27 ERROR: syntax error, unexpected '}'/aaa/Ping/Index/Controller/IndexController.class.php第7行
[TIME]2017-08-20 22:17:01 ERROR: syntax error, unexpected '}'/aaa/Ping/Index/Controller/IndexController.class.php第7行
[TIME]2017-08-20 22:17:08 ERROR: syntax error, unexpected '}'/aaa/Ping/Index/Controller/IndexController.class.php第7行
[TIME]2017-08-20 23:53:53 ERROR: syntax error, unexpected '}'/aaa/Ping/Index/Controller/IndexController.class.php第7行
